0 info it worked if it ends with ok
1 verbose cli [ '/Users/maggie/.nvm/versions/node/v5.5.0/bin/node',
1 verbose cli   '/Users/maggie/.nvm/versions/node/v5.5.0/bin/npm',
1 verbose cli   'start' ]
2 info using npm@3.3.12
3 info using node@v5.5.0
4 verbose run-script [ 'prestart', 'start', 'poststart' ]
5 info lifecycle jianshu@0.0.0~prestart: jianshu@0.0.0
6 silly lifecycle jianshu@0.0.0~prestart: no script for prestart, continuing
7 info lifecycle jianshu@0.0.0~start: jianshu@0.0.0
8 verbose lifecycle jianshu@0.0.0~start: unsafe-perm in lifecycle true
9 verbose lifecycle jianshu@0.0.0~start: PATH: /Users/maggie/.nvm/versions/node/v5.5.0/lib/node_modules/npm/bin/node-gyp-bin:/Users/maggie/WebstormProjects/jianshu/node_modules/.bin:/Users/maggie/.nvm/versions/node/v5.5.0/bin:/usr/local/bin:/usr/bin:/bin:/usr/sbin:/sbin:/usr/local/git/bin:/AndroidDev/android-sdk-macosx/platform-tools/
10 verbose lifecycle jianshu@0.0.0~start: CWD: /Users/maggie/WebstormProjects/jianshu
11 silly lifecycle jianshu@0.0.0~start: Args: [ '-c', 'node ./bin/www' ]
12 silly lifecycle jianshu@0.0.0~start: Returned: code: 1  signal: null
13 info lifecycle jianshu@0.0.0~start: Failed to exec start script
14 verbose stack Error: jianshu@0.0.0 start: `node ./bin/www`
14 verbose stack Exit status 1
14 verbose stack     at EventEmitter.<anonymous> (/Users/maggie/.nvm/versions/node/v5.5.0/lib/node_modules/npm/lib/utils/lifecycle.js:232:16)
14 verbose stack     at emitTwo (events.js:100:13)
14 verbose stack     at EventEmitter.emit (events.js:185:7)
14 verbose stack     at ChildProcess.<anonymous> (/Users/maggie/.nvm/versions/node/v5.5.0/lib/node_modules/npm/lib/utils/spawn.js:24:14)
14 verbose stack     at emitTwo (events.js:100:13)
14 verbose stack     at ChildProcess.emit (events.js:185:7)
14 verbose stack     at maybeClose (internal/child_process.js:821:16)
14 verbose stack     at Process.ChildProcess._handle.onexit (internal/child_process.js:211:5)
15 verbose pkgid jianshu@0.0.0
16 verbose cwd /Users/maggie/WebstormProjects/jianshu
17 error Darwin 15.6.0
18 error argv "/Users/maggie/.nvm/versions/node/v5.5.0/bin/node" "/Users/maggie/.nvm/versions/node/v5.5.0/bin/npm" "start"
19 error node v5.5.0
20 error npm  v3.3.12
21 error code ELIFECYCLE
22 error jianshu@0.0.0 start: `node ./bin/www`
22 error Exit status 1
23 error Failed at the jianshu@0.0.0 start script 'node ./bin/www'.
23 error Make sure you have the latest version of node.js and npm installed.
23 error If you do, this is most likely a problem with the jianshu package,
23 error not with npm itself.
23 error Tell the author that this fails on your system:
23 error     node ./bin/www
23 error You can get their info via:
23 error     npm owner ls jianshu
23 error There is likely additional logging output above.
24 verbose exit [ 1, true ]
